1727440327148	geckodriver	INFO	Listening on 127.0.0.1:53942
1727440330232	mozrunner::runner	INFO	Running command: "C:\\Program Files\\Mozilla Firefox\\firefox.exe" "--marionette" "--remote-debugging-port" "53943" "--remote ... localhost" "-no-remote" "-profile" "c:\\Users\\dell\\AppData\\Local\\robocorp\\temp\\5f7ccb0627022f85\\rust_mozprofileGfVaca"
console.warn: services.settings: Ignoring preference override of remote settings server
console.warn: services.settings: Allow by setting MOZ_REMOTE_SETTINGS_DEVTOOLS=1 in the environment
Dynamically enable window occlusion 0
1727440332190	Marionette	INFO	Marionette enabled
1727440332857	Marionette	INFO	Listening on port 54174
Read port: 54174
WebDriver BiDi listening on ws://127.0.0.1:53943
1727440333311	RemoteAgent	WARN	TLS certificate errors will be ignored for this session
[GFX1-]: Failed to create VideoProcessor: 0x8007000e
[GFX1-]: Failed to link shader program: gpu_cache_update

[ERROR webrender::device::gl] Failed to link shader program: gpu_cache_update
    
[GFX1-]: wr_window_new: Shader(Link("gpu_cache_update", ""))
[GFX1-]: Failed to connect WebRenderBridgeChild. isParent=true
[GFX1-]: Fallback WR to SW-WR + D3D11
[GFX1-]: [D3D11] create swap chain failed: 0x887a0005, 0
[GFX1-]: Failed to initialize CompositorD3D11 for SWGL: FEATURE_FAILURE_D3D11_SWAP_CHAIN
out of memory: 0x0000000000004000 bytes requested
[GFX1-]: CompositorBridgeChild receives IPC close with reason=AbnormalShutdown
[GFX1-]: CompositorBridgeChild receives IPC close with reason=AbnormalShutdown
out of memory: 0x0000000000001C00 bytes requested
[GFX1-]: CompositorBridgeChild receives IPC close with reason=AbnormalShutdown
[GFX1-]: CompositorBridgeChild receives IPC close with reason=AbnormalShutdown
[GFX1-]: Fallback SW-WR + D3D11 to SW-WR
[GFX1-]: CompositorBridgeChild receives IPC close with reason=AbnormalShutdown
[GFX1-]: Fallback remains SW-WR
[GFX1-]: Failed to initialize GPU process
[GFX1-]: CompositorBridgeChild receives IPC close with reason=AbnormalShutdown
[GFX1-]: wr_renderer_render: OutOfMemory
[GFX1-]: Handling webrender error 2
1727440353415	Marionette	INFO	Stopped listening on port 54174
Dynamically enable window occlusion 1
JavaScript error: resource://services-settings/RemoteSettingsClient.sys.mjs, line 100: Error: Unknown callback
console.error: "Failed to fetch https://spocs.getpocket.com/user:" "NetworkError when attempting to fetch resource."
console.warn: TopSitesFeed: Failed to fetch data from Contile server: NetworkError when attempting to fetch resource.
JavaScript error: , line 0: TypeError: NetworkError when attempting to fetch resource.
JavaScript error: , line 0: TypeError: NetworkError when attempting to fetch resource.
