1727608849518	geckodriver	INFO	Listening on 127.0.0.1:62277
1727608852588	mozrunner::runner	INFO	Running command: "C:\\Program Files\\Mozilla Firefox\\firefox.exe" "--marionette" "--remote-debugging-port" "62278" "--remote ... localhost" "-no-remote" "-profile" "C:\\Users\\dell\\AppData\\Local\\robocorp\\temp\\2ad1e58d3e59ce2f\\rust_mozprofile2SToZu"
console.warn: services.settings: Ignoring preference override of remote settings server
console.warn: services.settings: Allow by setting MOZ_REMOTE_SETTINGS_DEVTOOLS=1 in the environment
Dynamically enable window occlusion 0
1727608854693	Marionette	INFO	Marionette enabled
1727608855127	Marionette	INFO	Listening on port 62354
WebDriver BiDi listening on ws://127.0.0.1:62278
Read port: 62354
1727608855894	RemoteAgent	WARN	TLS certificate errors will be ignored for this session
JavaScript warning: https://www.googletagmanager.com/gtag/js?id=G-4257LNMWD9&l=dataLayer&cx=c, line 371: Script terminated by timeout at:
V@https://www.googletagmanager.com/gtag/js?id=G-4257LNMWD9&l=dataLayer&cx=c:371:28
NG@https://www.googletagmanager.com/gtag/js?id=G-4257LNMWD9&l=dataLayer&cx=c:689:306
h.Fm@https://www.googletagmanager.com/gtag/js?id=G-4257LNMWD9&l=dataLayer&cx=c:693:342
h.Em/</<@https://www.googletagmanager.com/gtag/js?id=G-4257LNMWD9&l=dataLayer&cx=c:691:487
Ck@https://www.googletagmanager.com/gtag/js?id=G-4257LNMWD9&l=dataLayer&cx=c:359:151
bl@https://www.googletagmanager.com/gtag/js?id=G-4257LNMWD9&l=dataLayer&cx=c:365:70
h.Em/<@https://www.googletagmanager.com/gtag/js?id=G-4257LNMWD9&l=dataLayer&cx=c:691:473
c@https://www.googletagmanager.com/gtag/js?id=G-4257LNMWD9&l=dataLayer&cx=c:497:411
Ot@https://www.googletagmanager.com/gtag/js?id=G-4257LNMWD9&l=dataLayer&cx=c:498:237
h.Em@https://www.googletagmanager.com/gtag/js?id=G-4257LNMWD9&l=dataLayer&cx=c:691:459
c@https://www.googletagmanager.com/gtag/js?id=G-4257LNMWD9&l=dataLayer&cx=c:705:972
tm@https://www.googletagmanager.com/gtag/js?id=G-4257LNMWD9&l=dataLayer&cx=c:378:1
sm.prototype.flush@https://www.googletagmanager.com/gtag/js?id=G-4257LNMWD9&l=dataLayer&cx=c:380:337
sm.prototype.push@https://www.googletagmanager.com/gtag/js?id=G-4257LNMWD9&l=dataLayer&cx=c:378:403
lm@https://www.googletagmanager.com/gtag/js?id=G-4257LNMWD9&l=dataLayer&cx=c:375:785
yH/<@https://www.googletagmanager.com/gtag/js?id=G-4257LNMWD9&l=dataLayer&cx=c:706:187
h.Ok/<@https://www.googletagmanager.com/gtag/js?id=G-4257LNMWD9&l=dataLayer&cx=c:649:126
h.Ok/c/<@https://www.googletagmanager.com/gtag/js?id=G-4257LNMWD9&l=dataLayer&cx=c:648:418

1727609083924	Marionette	INFO	Stopped listening on port 62354
Dynamically enable window occlusion 1
